<?xml version="1.0" encoding="UTF-8"?>
<!-- Generated by org.testng.reporters.JUnitReportReporter -->
<testsuite hostname="vivobook-asuslaptop-x512flc-x512fl" failures="0" tests="7" name="Fullflow.Sanity.Testing" time="136.456" errors="0" timestamp="2024-02-21T12:43:51 IST" skipped="0">
  <testcase classname="Fullflow.Sanity.Testing" name="Home_page" time="14.125"/>
  <system-out/>
  <testcase classname="Fullflow.Sanity.Testing" name="login" time="16.926"/>
  <system-out/>
  <testcase classname="Fullflow.Sanity.Testing" name="series_set" time="30.098"/>
  <system-out/>
  <testcase classname="Fullflow.Sanity.Testing" name="HD" time="20.048"/>
  <system-out/>
  <testcase classname="Fullflow.Sanity.Testing" name="Atlas_Editor" time="18.041"/>
  <system-out/>
  <testcase classname="Fullflow.Sanity.Testing" name="Cell_annotation" time="20.046"/>
  <system-out/>
  <testcase classname="Fullflow.Sanity.Testing" name="Manual_Registration" time="17.172"/>
  <system-out/>
</testsuite> <!-- Fullflow.Sanity.Testing -->
