<?xml version="1.0" encoding="UTF-8"?>
<!-- Generated by org.testng.reporters.JUnitReportReporter -->
<testsuite hostname="HbpSoft" failures="0" tests="7" name="Fullflow.Sanity.Testing" time="106.192" errors="0" timestamp="2024-03-01T10:20:44 IST" skipped="0">
  <testcase classname="Fullflow.Sanity.Testing" name="Home_page" time="4.566"/>
  <system-out/>
  <testcase classname="Fullflow.Sanity.Testing" name="login" time="8.580"/>
  <system-out/>
  <testcase classname="Fullflow.Sanity.Testing" name="series_set" time="21.921"/>
  <system-out/>
  <testcase classname="Fullflow.Sanity.Testing" name="HD" time="18.149"/>
  <system-out/>
  <testcase classname="Fullflow.Sanity.Testing" name="Atlas_Editor" time="17.078"/>
  <system-out/>
  <testcase classname="Fullflow.Sanity.Testing" name="Cell_annotation" time="19.862"/>
  <system-out/>
  <testcase classname="Fullflow.Sanity.Testing" name="Manual_Registration" time="16.036"/>
  <system-out/>
</testsuite> <!-- Fullflow.Sanity.Testing -->
